<?xml version="1.0" encoding="UTF-8"?>
<testsuite xmlns:xsi="http://www.w3.org/2001/XMLSchema-instance" xsi:noNamespaceSchemaLocation="https://maven.apache.org/surefire/maven-surefire-plugin/xsd/surefire-test-report.xsd" name="sebas.lab.testing.TestGestionBiblioteca" time="0.052" tests="12" errors="0" skipped="0" failures="0">
  <properties>
[...]
</properties>
  <testcase name="testCategoriaConCincoLibros" classname="sebas.lab.testing.TestGestionBiblioteca" time="0.003"/>
  <testcase name="testLibroNoDisponible" classname="sebas.lab.testing.TestGestionBiblioteca" time="0"/>
  <testcase name="testLibroDisponibleDespuesDeAgregar" classname="sebas.lab.testing.TestGestionBiblioteca" time="0"/>
  <testcase name="testCategoriaConCeroLibros" classname="sebas.lab.testing.TestGestionBiblioteca" time="0"/>
  <testcase name="testAgregarLibroDuplicado" classname="sebas.lab.testing.TestGestionBiblioteca" time="0.001"/>
  <testcase name="testCalcularPrecioSinDescuento" classname="sebas.lab.testing.TestGestionBiblioteca" time="0.006"/>
  <testcase name="testListaVaciaInicialmente" classname="sebas.lab.testing.TestGestionBiblioteca" time="0"/>
  <testcase name="testCalcularPrecioCon50PorCientoDescuento" classname="sebas.lab.testing.TestGestionBiblioteca" time="0.001"/>
  <testcase name="testCategoriaConVeinticincoLibros" classname="sebas.lab.testing.TestGestionBiblioteca" time="0"/>
  <testcase name="testObtenerLibrosNuncaNull" classname="sebas.lab.testing.TestGestionBiblioteca" time="0"/>
  <testcase name="testCalcularPrecioConPrecioNegativo" classname="sebas.lab.testing.TestGestionBiblioteca" time="0.001"/>
  <testcase name="testAgregarLibroExitosamente" classname="sebas.lab.testing.TestGestionBiblioteca" time="0"/>
</testsuite>